<?xml version="1.0" encoding="UTF-8" ?>
<testsuite failures="0" time="4.08" errors="0" skipped="0" tests="3" name="com.semvolo.study.account.UserAuthenticationIntegrationTest">
  <properties>
[...]
</properties>
  <testcase time="4.042" classname="com.semvolo.study.account.UserAuthenticationIntegrationTest" name="userAuthenticates"/>
  <testcase time="0.016" classname="com.semvolo.study.account.UserAuthenticationIntegrationTest" name="requiresAuthentication"/>
  <testcase time="0.012" classname="com.semvolo.study.account.UserAuthenticationIntegrationTest" name="userAuthenticationFails"/>
</testsuite>